The system is: Darwin - 18.7.0 - x86_64
Compiling the C compiler identification source file "CMakeCCompilerId.c" succeeded.
Compiler: /Library/Developer/CommandLineTools/usr/bin/cc 
Build flags: 
Id flags:  

The output was:
0


Compilation of the C compiler identification source "CMakeCCompilerId.c" produced "a.out"

The C compiler identification is AppleClang, found in "/Users/ottericottender/CLionProjects/CPP_projekt/cmake-build-debug/CMakeFiles/3.24.2/CompilerIdC/a.out"

Compiling the CXX compiler identification source file "CMakeCXXCompilerId.cpp" succeeded.
Compiler: /Library/Developer/CommandLineTools/usr/bin/c++ 
Build flags: 
Id flags:  

The output was:
0


Compilation of the CXX compiler identification source "CMakeCXXCompilerId.cpp" produced "a.out"

The CXX compiler identification is AppleClang, found in "/Users/ottericottender/CLionProjects/CPP_projekt/cmake-build-debug/CMakeFiles/3.24.2/CompilerIdCXX/a.out"

Detecting C compiler ABI info compiled with the following output:
Change Dir: /Users/ottericottender/CLionProjects/CPP_projekt/cmake-build-debug/CMakeFiles/CMakeTmp

Run Build Command(s):/usr/bin/make -f Makefile cmTC_99e7b/fast && /Library/Developer/CommandLineTools/usr/bin/make  -f CMakeFiles/cmTC_99e7b.dir/build.make CMakeFiles/cmTC_99e7b.dir/build
Building C object CMakeFiles/cmTC_99e7b.dir/CMakeCCompilerABI.c.o
/Library/Developer/CommandLineTools/usr/bin/cc   -isysroot /Library/Developer/CommandLineTools/SDKs/MacOSX10.14.sdk -fcolor-diagnostics   -v -Wl,-v -MD -MT CMakeFiles/cmTC_99e7b.dir/CMakeCCompilerABI.c.o -MF CMakeFiles/cmTC_99e7b.dir/CMakeCCompilerABI.c.o.d -o CMakeFiles/cmTC_99e7b.dir/CMakeCCompilerABI.c.o -c /Applications/CLion.app/Contents/bin/cmake/mac/share/cmake-3.24/Modules/CMakeCCompilerABI.c
Apple LLVM version 10.0.1 (clang-1001.0.46.4)
Target: x86_64-apple-darwin18.7.0
Thread model: posix
InstalledDir: /Library/Developer/CommandLineTools/usr/bin
clang: [0;1;35mwarning: [0m-Wl,-v: 'linker' input unused [-Wunused-command-line-argument][0m
 "/Library/Developer/CommandLineTools/usr/bin/clang" -cc1 -triple x86_64-apple-macosx10.14.0 -Wdeprecated-objc-isa-usage -Werror=deprecated-objc-isa-usage -emit-obj -mrelax-all -disable-free -disable-llvm-verifier -discard-value-names -main-file-name CMakeCCompilerABI.c -mrelocation-model pic -pic-level 2 -mthread-model posix -mdisable-fp-elim -fno-strict-return -masm-verbose -munwind-tables -target-sdk-version=10.14 -target-cpu penryn -dwarf-column-info -debugger-tuning=lldb -target-linker-version 450.3 -v -coverage-notes-file /Users/ottericottender/CLionProjects/CPP_projekt/cmake-build-debug/CMakeFiles/CMakeTmp/CMakeFiles/cmTC_99e7b.dir/CMakeCCompilerABI.c.gcno -resource-dir /Library/Developer/CommandLineTools/usr/lib/clang/10.0.1 -dependency-file CMakeFiles/cmTC_99e7b.dir/CMakeCCompilerABI.c.o.d -skip-unused-modulemap-deps -sys-header-deps -MT CMakeFiles/cmTC_99e7b.dir/CMakeCCompilerABI.c.o -isysroot /Library/Developer/CommandLineTools/SDKs/MacOSX10.14.sdk -Wno-atomic-implicit-seq-cst -Wno-framework-include-private-from-public -Wno-atimport-in-framework-header -Wno-quoted-include-in-framework-header -fdebug-compilation-dir /Users/ottericottender/CLionProjects/CPP_projekt/cmake-build-debug/CMakeFiles/CMakeTmp -ferror-limit 19 -fmessage-length 0 -stack-protector 1 -fblocks -fencode-extended-block-signature -fregister-global-dtors-with-atexit -fobjc-runtime=macosx-10.14.0 -fmax-type-align=16 -fdiagnostics-show-option -fcolor-diagnostics -o CMakeFiles/cmTC_99e7b.dir/CMakeCCompilerABI.c.o -x c /Applications/CLion.app/Contents/bin/cmake/mac/share/cmake-3.24/Modules/CMakeCCompilerABI.c
clang -cc1 version 10.0.1 (clang-1001.0.46.4) default target x86_64-apple-darwin18.7.0
ignoring nonexistent directory "/Library/Developer/CommandLineTools/SDKs/MacOSX10.14.sdk/usr/local/include"
ignoring nonexistent directory "/Library/Developer/CommandLineTools/SDKs/MacOSX10.14.sdk/Library/Frameworks"
#include "..." search starts here:
#include <...> search starts here:
 /Library/Developer/CommandLineTools/usr/lib/clang/10.0.1/include
 /Library/Developer/CommandLineTools/usr/include
 /Library/Developer/CommandLineTools/SDKs/MacOSX10.14.sdk/usr/include
 /Library/Developer/CommandLineTools/SDKs/MacOSX10.14.sdk/System/Library/Frameworks (framework directory)
End of search list.
Linking C executable cmTC_99e7b
/Applications/CLion.app/Contents/bin/cmake/mac/bin/cmake -E cmake_link_script CMakeFiles/cmTC_99e7b.dir/link.txt --verbose=1
/Library/Developer/CommandLineTools/usr/bin/cc  -isysroot /Library/Developer/CommandLineTools/SDKs/MacOSX10.14.sdk -Wl,-search_paths_first -Wl,-headerpad_max_install_names  -v -Wl,-v CMakeFiles/cmTC_99e7b.dir/CMakeCCompilerABI.c.o -o cmTC_99e7b 
Apple LLVM version 10.0.1 (clang-1001.0.46.4)
Target: x86_64-apple-darwin18.7.0
Thread model: posix
InstalledDir: /Library/Developer/CommandLineTools/usr/bin
 "/Library/Developer/CommandLineTools/usr/bin/ld" -demangle -lto_library /Library/Developer/CommandLineTools/usr/lib/libLTO.dylib -dynamic -arch x86_64 -macosx_version_min 10.14.0 -syslibroot /Library/Developer/CommandLineTools/SDKs/MacOSX10.14.sdk -o cmTC_99e7b -search_paths_first -headerpad_max_install_names -v CMakeFiles/cmTC_99e7b.dir/CMakeCCompilerABI.c.o -lSystem /Library/Developer/CommandLineTools/usr/lib/clang/10.0.1/lib/darwin/libclang_rt.osx.a
@(#)PROGRAM:ld  PROJECT:ld64-450.3
BUILD 18:16:53 Apr  5 2019
configured to support archs: armv6 armv7 armv7s arm64 arm64e arm64_32 i386 x86_64 x86_64h armv6m armv7k armv7m armv7em
Library search paths:
	/Library/Developer/CommandLineTools/SDKs/MacOSX10.14.sdk/usr/lib
Framework search paths:
	/Library/Developer/CommandLineTools/SDKs/MacOSX10.14.sdk/System/Library/Frameworks/



Parsed C implicit include dir info from above output: rv=loading
  found start of include info
  warn: unable to parse implicit include dirs!


Parsed C implicit link information from above output:
  link line regex: [^( *|.*[/\])(ld|CMAKE_LINK_STARTFILE-NOTFOUND|([^/\]+-)?ld|collect2)[^/\]*( |$)]
  ignore line: [Change Dir: /Users/ottericottender/CLionProjects/CPP_projekt/cmake-build-debug/CMakeFiles/CMakeTmp]
  ignore line: []
  ignore line: [Run Build Command(s):/usr/bin/make -f Makefile cmTC_99e7b/fast && /Library/Developer/CommandLineTools/usr/bin/make  -f CMakeFiles/cmTC_99e7b.dir/build.make CMakeFiles/cmTC_99e7b.dir/build]
  ignore line: [Building C object CMakeFiles/cmTC_99e7b.dir/CMakeCCompilerABI.c.o]
  ignore line: [/Library/Developer/CommandLineTools/usr/bin/cc   -isysroot /Library/Developer/CommandLineTools/SDKs/MacOSX10.14.sdk -fcolor-diagnostics   -v -Wl -v -MD -MT CMakeFiles/cmTC_99e7b.dir/CMakeCCompilerABI.c.o -MF CMakeFiles/cmTC_99e7b.dir/CMakeCCompilerABI.c.o.d -o CMakeFiles/cmTC_99e7b.dir/CMakeCCompilerABI.c.o -c /Applications/CLion.app/Contents/bin/cmake/mac/share/cmake-3.24/Modules/CMakeCCompilerABI.c]
  ignore line: [Apple LLVM version 10.0.1 (clang-1001.0.46.4)]
  ignore line: [Target: x86_64-apple-darwin18.7.0]
  ignore line: [Thread model: posix]
  ignore line: [InstalledDir: /Library/Developer/CommandLineTools/usr/bin]
  ignore line: [clang: [0;1;35mwarning: [0m-Wl,-v: 'linker' input unused [-Wunused-command-line-argument][0m; "/Library/Developer/CommandLineTools/usr/bin/clang" -cc1 -triple x86_64-apple-macosx10.14.0 -Wdeprecated-objc-isa-usage -Werror=deprecated-objc-isa-usage -emit-obj -mrelax-all -disable-free -disable-llvm-verifier -discard-value-names -main-file-name CMakeCCompilerABI.c -mrelocation-model pic -pic-level 2 -mthread-model posix -mdisable-fp-elim -fno-strict-return -masm-verbose -munwind-tables -target-sdk-version=10.14 -target-cpu penryn -dwarf-column-info -debugger-tuning=lldb -target-linker-version 450.3 -v -coverage-notes-file /Users/ottericottender/CLionProjects/CPP_projekt/cmake-build-debug/CMakeFiles/CMakeTmp/CMakeFiles/cmTC_99e7b.dir/CMakeCCompilerABI.c.gcno -resource-dir /Library/Developer/CommandLineTools/usr/lib/clang/10.0.1 -dependency-file CMakeFiles/cmTC_99e7b.dir/CMakeCCompilerABI.c.o.d -skip-unused-modulemap-deps -sys-header-deps -MT CMakeFiles/cmTC_99e7b.dir/CMakeCCompilerABI.c.o -isysroot /Library/Developer/CommandLineTools/SDKs/MacOSX10.14.sdk -Wno-atomic-implicit-seq-cst -Wno-framework-include-private-from-public -Wno-atimport-in-framework-header -Wno-quoted-include-in-framework-header -fdebug-compilation-dir /Users/ottericottender/CLionProjects/CPP_projekt/cmake-build-debug/CMakeFiles/CMakeTmp -ferror-limit 19 -fmessage-length 0 -stack-protector 1 -fblocks -fencode-extended-block-signature -fregister-global-dtors-with-atexit -fobjc-runtime=macosx-10.14.0 -fmax-type-align=16 -fdiagnostics-show-option -fcolor-diagnostics -o CMakeFiles/cmTC_99e7b.dir/CMakeCCompilerABI.c.o -x c /Applications/CLion.app/Contents/bin/cmake/mac/share/cmake-3.24/Modules/CMakeCCompilerABI.c;clang -cc1 version 10.0.1 (clang-1001.0.46.4) default target x86_64-apple-darwin18.7.0;ignoring nonexistent directory "/Library/Developer/CommandLineTools/SDKs/MacOSX10.14.sdk/usr/local/include";ignoring nonexistent directory "/Library/Developer/CommandLineTools/SDKs/MacOSX10.14.sdk/Library/Frameworks";#include "..." search starts here:;#include <...> search starts here:; /Library/Developer/CommandLineTools/usr/lib/clang/10.0.1/include; /Library/Developer/CommandLineTools/usr/include; /Library/Developer/CommandLineTools/SDKs/MacOSX10.14.sdk/usr/include; /Library/Developer/CommandLineTools/SDKs/MacOSX10.14.sdk/System/Library/Frameworks (framework directory);End of search list.;Linking C executable cmTC_99e7b;/Applications/CLion.app/Contents/bin/cmake/mac/bin/cmake -E cmake_link_script CMakeFiles/cmTC_99e7b.dir/link.txt --verbose=1;/Library/Developer/CommandLineTools/usr/bin/cc  -isysroot /Library/Developer/CommandLineTools/SDKs/MacOSX10.14.sdk -Wl,-search_paths_first -Wl,-headerpad_max_install_names  -v -Wl,-v CMakeFiles/cmTC_99e7b.dir/CMakeCCompilerABI.c.o -o cmTC_99e7b ;Apple LLVM version 10.0.1 (clang-1001.0.46.4);Target: x86_64-apple-darwin18.7.0;Thread model: posix;InstalledDir: /Library/Developer/CommandLineTools/usr/bin; "/Library/Developer/CommandLineTools/usr/bin/ld" -demangle -lto_library /Library/Developer/CommandLineTools/usr/lib/libLTO.dylib -dynamic -arch x86_64 -macosx_version_min 10.14.0 -syslibroot /Library/Developer/CommandLineTools/SDKs/MacOSX10.14.sdk -o cmTC_99e7b -search_paths_first -headerpad_max_install_names -v CMakeFiles/cmTC_99e7b.dir/CMakeCCompilerABI.c.o -lSystem /Library/Developer/CommandLineTools/usr/lib/clang/10.0.1/lib/darwin/libclang_rt.osx.a;@(#)PROGRAM:ld  PROJECT:ld64-450.3;BUILD 18:16:53 Apr  5 2019;configured to support archs: armv6 armv7 armv7s arm64 arm64e arm64_32 i386 x86_64 x86_64h armv6m armv7k armv7m armv7em;Library search paths:;	/Library/Developer/CommandLineTools/SDKs/MacOSX10.14.sdk/usr/lib;Framework search paths:;	/Library/Developer/CommandLineTools/SDKs/MacOSX10.14.sdk/System/Library/Frameworks/;;]
  Library search paths: [;/Library/Developer/CommandLineTools/SDKs/MacOSX10.14.sdk/usr/lib]
  Framework search paths: [;/Library/Developer/CommandLineTools/SDKs/MacOSX10.14.sdk/System/Library/Frameworks/]
  collapse library dir [/Library/Developer/CommandLineTools/SDKs/MacOSX10.14.sdk/usr/lib] ==> [/Library/Developer/CommandLineTools/SDKs/MacOSX10.14.sdk/usr/lib]
  collapse framework dir [/Library/Developer/CommandLineTools/SDKs/MacOSX10.14.sdk/System/Library/Frameworks/] ==> [/Library/Developer/CommandLineTools/SDKs/MacOSX10.14.sdk/System/Library/Frameworks]
  implicit libs: []
  implicit objs: []
  implicit dirs: [/Library/Developer/CommandLineTools/SDKs/MacOSX10.14.sdk/usr/lib]
  implicit fwks: [/Library/Developer/CommandLineTools/SDKs/MacOSX10.14.sdk/System/Library/Frameworks]


Detecting CXX compiler ABI info compiled with the following output:
Change Dir: /Users/ottericottender/CLionProjects/CPP_projekt/cmake-build-debug/CMakeFiles/CMakeTmp

Run Build Command(s):/usr/bin/make -f Makefile cmTC_281a8/fast && /Library/Developer/CommandLineTools/usr/bin/make  -f CMakeFiles/cmTC_281a8.dir/build.make CMakeFiles/cmTC_281a8.dir/build
Building CXX object CMakeFiles/cmTC_281a8.dir/CMakeCXXCompilerABI.cpp.o
/Library/Developer/CommandLineTools/usr/bin/c++   -isysroot /Library/Developer/CommandLineTools/SDKs/MacOSX10.14.sdk -fcolor-diagnostics   -v -Wl,-v -MD -MT CMakeFiles/cmTC_281a8.dir/CMakeCXXCompilerABI.cpp.o -MF CMakeFiles/cmTC_281a8.dir/CMakeCXXCompilerABI.cpp.o.d -o CMakeFiles/cmTC_281a8.dir/CMakeCXXCompilerABI.cpp.o -c /Applications/CLion.app/Contents/bin/cmake/mac/share/cmake-3.24/Modules/CMakeCXXCompilerABI.cpp
Apple LLVM version 10.0.1 (clang-1001.0.46.4)
Target: x86_64-apple-darwin18.7.0
Thread model: posix
InstalledDir: /Library/Developer/CommandLineTools/usr/bin
clang: [0;1;35mwarning: [0m-Wl,-v: 'linker' input unused [-Wunused-command-line-argument][0m
 "/Library/Developer/CommandLineTools/usr/bin/clang" -cc1 -triple x86_64-apple-macosx10.14.0 -Wdeprecated-objc-isa-usage -Werror=deprecated-objc-isa-usage -emit-obj -mrelax-all -disable-free -disable-llvm-verifier -discard-value-names -main-file-name CMakeCXXCompilerABI.cpp -mrelocation-model pic -pic-level 2 -mthread-model posix -mdisable-fp-elim -fno-strict-return -masm-verbose -munwind-tables -target-sdk-version=10.14 -target-cpu penryn -dwarf-column-info -debugger-tuning=lldb -target-linker-version 450.3 -v -coverage-notes-file /Users/ottericottender/CLionProjects/CPP_projekt/cmake-build-debug/CMakeFiles/CMakeTmp/CMakeFiles/cmTC_281a8.dir/CMakeCXXCompilerABI.cpp.gcno -resource-dir /Library/Developer/CommandLineTools/usr/lib/clang/10.0.1 -dependency-file CMakeFiles/cmTC_281a8.dir/CMakeCXXCompilerABI.cpp.o.d -skip-unused-modulemap-deps -sys-header-deps -MT CMakeFiles/cmTC_281a8.dir/CMakeCXXCompilerABI.cpp.o -isysroot /Library/Developer/CommandLineTools/SDKs/MacOSX10.14.sdk -stdlib=libc++ -Wno-atomic-implicit-seq-cst -Wno-framework-include-private-from-public -Wno-atimport-in-framework-header -Wno-quoted-include-in-framework-header -fdeprecated-macro -fdebug-compilation-dir /Users/ottericottender/CLionProjects/CPP_projekt/cmake-build-debug/CMakeFiles/CMakeTmp -ferror-limit 19 -fmessage-length 0 -stack-protector 1 -fblocks -fencode-extended-block-signature -fregister-global-dtors-with-atexit -fobjc-runtime=macosx-10.14.0 -fcxx-exceptions -fexceptions -fmax-type-align=16 -fdiagnostics-show-option -fcolor-diagnostics -o CMakeFiles/cmTC_281a8.dir/CMakeCXXCompilerABI.cpp.o -x c++ /Applications/CLion.app/Contents/bin/cmake/mac/share/cmake-3.24/Modules/CMakeCXXCompilerABI.cpp
clang -cc1 version 10.0.1 (clang-1001.0.46.4) default target x86_64-apple-darwin18.7.0
ignoring nonexistent directory "/Library/Developer/CommandLineTools/SDKs/MacOSX10.14.sdk/usr/include/c++/v1"
ignoring nonexistent directory "/Library/Developer/CommandLineTools/SDKs/MacOSX10.14.sdk/usr/local/include"
ignoring nonexistent directory "/Library/Developer/CommandLineTools/SDKs/MacOSX10.14.sdk/Library/Frameworks"
#include "..." search starts here:
#include <...> search starts here:
 /Library/Developer/CommandLineTools/usr/include/c++/v1
 /Library/Developer/CommandLineTools/usr/lib/clang/10.0.1/include
 /Library/Developer/CommandLineTools/usr/include
 /Library/Developer/CommandLineTools/SDKs/MacOSX10.14.sdk/usr/include
 /Library/Developer/CommandLineTools/SDKs/MacOSX10.14.sdk/System/Library/Frameworks (framework directory)
End of search list.
Linking CXX executable cmTC_281a8
/Applications/CLion.app/Contents/bin/cmake/mac/bin/cmake -E cmake_link_script CMakeFiles/cmTC_281a8.dir/link.txt --verbose=1
/Library/Developer/CommandLineTools/usr/bin/c++  -isysroot /Library/Developer/CommandLineTools/SDKs/MacOSX10.14.sdk -Wl,-search_paths_first -Wl,-headerpad_max_install_names  -v -Wl,-v CMakeFiles/cmTC_281a8.dir/CMakeCXXCompilerABI.cpp.o -o cmTC_281a8 
Apple LLVM version 10.0.1 (clang-1001.0.46.4)
Target: x86_64-apple-darwin18.7.0
Thread model: posix
InstalledDir: /Library/Developer/CommandLineTools/usr/bin
 "/Library/Developer/CommandLineTools/usr/bin/ld" -demangle -lto_library /Library/Developer/CommandLineTools/usr/lib/libLTO.dylib -dynamic -arch x86_64 -macosx_version_min 10.14.0 -syslibroot /Library/Developer/CommandLineTools/SDKs/MacOSX10.14.sdk -o cmTC_281a8 -search_paths_first -headerpad_max_install_names -v CMakeFiles/cmTC_281a8.dir/CMakeCXXCompilerABI.cpp.o -lc++ -lSystem /Library/Developer/CommandLineTools/usr/lib/clang/10.0.1/lib/darwin/libclang_rt.osx.a
@(#)PROGRAM:ld  PROJECT:ld64-450.3
BUILD 18:16:53 Apr  5 2019
configured to support archs: armv6 armv7 armv7s arm64 arm64e arm64_32 i386 x86_64 x86_64h armv6m armv7k armv7m armv7em
Library search paths:
	/Library/Developer/CommandLineTools/SDKs/MacOSX10.14.sdk/usr/lib
Framework search paths:
	/Library/Developer/CommandLineTools/SDKs/MacOSX10.14.sdk/System/Library/Frameworks/



Parsed CXX implicit include dir info from above output: rv=loading
  found start of include info
  warn: unable to parse implicit include dirs!


Parsed CXX implicit link information from above output:
  link line regex: [^( *|.*[/\])(ld|CMAKE_LINK_STARTFILE-NOTFOUND|([^/\]+-)?ld|collect2)[^/\]*( |$)]
  ignore line: [Change Dir: /Users/ottericottender/CLionProjects/CPP_projekt/cmake-build-debug/CMakeFiles/CMakeTmp]
  ignore line: []
  ignore line: [Run Build Command(s):/usr/bin/make -f Makefile cmTC_281a8/fast && /Library/Developer/CommandLineTools/usr/bin/make  -f CMakeFiles/cmTC_281a8.dir/build.make CMakeFiles/cmTC_281a8.dir/build]
  ignore line: [Building CXX object CMakeFiles/cmTC_281a8.dir/CMakeCXXCompilerABI.cpp.o]
  ignore line: [/Library/Developer/CommandLineTools/usr/bin/c++   -isysroot /Library/Developer/CommandLineTools/SDKs/MacOSX10.14.sdk -fcolor-diagnostics   -v -Wl -v -MD -MT CMakeFiles/cmTC_281a8.dir/CMakeCXXCompilerABI.cpp.o -MF CMakeFiles/cmTC_281a8.dir/CMakeCXXCompilerABI.cpp.o.d -o CMakeFiles/cmTC_281a8.dir/CMakeCXXCompilerABI.cpp.o -c /Applications/CLion.app/Contents/bin/cmake/mac/share/cmake-3.24/Modules/CMakeCXXCompilerABI.cpp]
  ignore line: [Apple LLVM version 10.0.1 (clang-1001.0.46.4)]
  ignore line: [Target: x86_64-apple-darwin18.7.0]
  ignore line: [Thread model: posix]
  ignore line: [InstalledDir: /Library/Developer/CommandLineTools/usr/bin]
  ignore line: [clang: [0;1;35mwarning: [0m-Wl,-v: 'linker' input unused [-Wunused-command-line-argument][0m; "/Library/Developer/CommandLineTools/usr/bin/clang" -cc1 -triple x86_64-apple-macosx10.14.0 -Wdeprecated-objc-isa-usage -Werror=deprecated-objc-isa-usage -emit-obj -mrelax-all -disable-free -disable-llvm-verifier -discard-value-names -main-file-name CMakeCXXCompilerABI.cpp -mrelocation-model pic -pic-level 2 -mthread-model posix -mdisable-fp-elim -fno-strict-return -masm-verbose -munwind-tables -target-sdk-version=10.14 -target-cpu penryn -dwarf-column-info -debugger-tuning=lldb -target-linker-version 450.3 -v -coverage-notes-file /Users/ottericottender/CLionProjects/CPP_projekt/cmake-build-debug/CMakeFiles/CMakeTmp/CMakeFiles/cmTC_281a8.dir/CMakeCXXCompilerABI.cpp.gcno -resource-dir /Library/Developer/CommandLineTools/usr/lib/clang/10.0.1 -dependency-file CMakeFiles/cmTC_281a8.dir/CMakeCXXCompilerABI.cpp.o.d -skip-unused-modulemap-deps -sys-header-deps -MT CMakeFiles/cmTC_281a8.dir/CMakeCXXCompilerABI.cpp.o -isysroot /Library/Developer/CommandLineTools/SDKs/MacOSX10.14.sdk -stdlib=libc++ -Wno-atomic-implicit-seq-cst -Wno-framework-include-private-from-public -Wno-atimport-in-framework-header -Wno-quoted-include-in-framework-header -fdeprecated-macro -fdebug-compilation-dir /Users/ottericottender/CLionProjects/CPP_projekt/cmake-build-debug/CMakeFiles/CMakeTmp -ferror-limit 19 -fmessage-length 0 -stack-protector 1 -fblocks -fencode-extended-block-signature -fregister-global-dtors-with-atexit -fobjc-runtime=macosx-10.14.0 -fcxx-exceptions -fexceptions -fmax-type-align=16 -fdiagnostics-show-option -fcolor-diagnostics -o CMakeFiles/cmTC_281a8.dir/CMakeCXXCompilerABI.cpp.o -x c++ /Applications/CLion.app/Contents/bin/cmake/mac/share/cmake-3.24/Modules/CMakeCXXCompilerABI.cpp;clang -cc1 version 10.0.1 (clang-1001.0.46.4) default target x86_64-apple-darwin18.7.0;ignoring nonexistent directory "/Library/Developer/CommandLineTools/SDKs/MacOSX10.14.sdk/usr/include/c++/v1";ignoring nonexistent directory "/Library/Developer/CommandLineTools/SDKs/MacOSX10.14.sdk/usr/local/include";ignoring nonexistent directory "/Library/Developer/CommandLineTools/SDKs/MacOSX10.14.sdk/Library/Frameworks";#include "..." search starts here:;#include <...> search starts here:; /Library/Developer/CommandLineTools/usr/include/c++/v1; /Library/Developer/CommandLineTools/usr/lib/clang/10.0.1/include; /Library/Developer/CommandLineTools/usr/include; /Library/Developer/CommandLineTools/SDKs/MacOSX10.14.sdk/usr/include; /Library/Developer/CommandLineTools/SDKs/MacOSX10.14.sdk/System/Library/Frameworks (framework directory);End of search list.;Linking CXX executable cmTC_281a8;/Applications/CLion.app/Contents/bin/cmake/mac/bin/cmake -E cmake_link_script CMakeFiles/cmTC_281a8.dir/link.txt --verbose=1;/Library/Developer/CommandLineTools/usr/bin/c++  -isysroot /Library/Developer/CommandLineTools/SDKs/MacOSX10.14.sdk -Wl,-search_paths_first -Wl,-headerpad_max_install_names  -v -Wl,-v CMakeFiles/cmTC_281a8.dir/CMakeCXXCompilerABI.cpp.o -o cmTC_281a8 ;Apple LLVM version 10.0.1 (clang-1001.0.46.4);Target: x86_64-apple-darwin18.7.0;Thread model: posix;InstalledDir: /Library/Developer/CommandLineTools/usr/bin; "/Library/Developer/CommandLineTools/usr/bin/ld" -demangle -lto_library /Library/Developer/CommandLineTools/usr/lib/libLTO.dylib -dynamic -arch x86_64 -macosx_version_min 10.14.0 -syslibroot /Library/Developer/CommandLineTools/SDKs/MacOSX10.14.sdk -o cmTC_281a8 -search_paths_first -headerpad_max_install_names -v CMakeFiles/cmTC_281a8.dir/CMakeCXXCompilerABI.cpp.o -lc++ -lSystem /Library/Developer/CommandLineTools/usr/lib/clang/10.0.1/lib/darwin/libclang_rt.osx.a;@(#)PROGRAM:ld  PROJECT:ld64-450.3;BUILD 18:16:53 Apr  5 2019;configured to support archs: armv6 armv7 armv7s arm64 arm64e arm64_32 i386 x86_64 x86_64h armv6m armv7k armv7m armv7em;Library search paths:;	/Library/Developer/CommandLineTools/SDKs/MacOSX10.14.sdk/usr/lib;Framework search paths:;	/Library/Developer/CommandLineTools/SDKs/MacOSX10.14.sdk/System/Library/Frameworks/;;]
  Library search paths: [;/Library/Developer/CommandLineTools/SDKs/MacOSX10.14.sdk/usr/lib]
  Framework search paths: [;/Library/Developer/CommandLineTools/SDKs/MacOSX10.14.sdk/System/Library/Frameworks/]
  collapse library dir [/Library/Developer/CommandLineTools/SDKs/MacOSX10.14.sdk/usr/lib] ==> [/Library/Developer/CommandLineTools/SDKs/MacOSX10.14.sdk/usr/lib]
  collapse framework dir [/Library/Developer/CommandLineTools/SDKs/MacOSX10.14.sdk/System/Library/Frameworks/] ==> [/Library/Developer/CommandLineTools/SDKs/MacOSX10.14.sdk/System/Library/Frameworks]
  implicit libs: []
  implicit objs: []
  implicit dirs: [/Library/Developer/CommandLineTools/SDKs/MacOSX10.14.sdk/usr/lib]
  implicit fwks: [/Library/Developer/CommandLineTools/SDKs/MacOSX10.14.sdk/System/Library/Frameworks]


